<?xml version="1.0" encoding="UTF-8"?>
<testsuites name="Amazon_Test_Suite" time="195.24" tests="5" failures="0" errors="0">
   <testsuite name="Amazon_Test_Suite" tests="5" failures="0" errors="0" time="195.24" skipped="0" timestamp="2024-02-03 20:36:14" hostname="yeddula sai lokesh - LAPTOP-66KHDLCV" id="Test Suites/Amazon_Test_Suite">
      <properties>
         <property name="deviceName" value=""/>
         <property name="devicePlatform" value=""/>
         <property name="logFolder" value="C:\\Users\\yeddula sai lokesh\\git\\Amazon_Test\\Reports\\20240203_203608\\Amazon_Test_Suite\\20240203_203608"/>
         <property name="logFiles" value="C:\\Users\\yeddula sai lokesh\\git\\Amazon_Test\\Reports\\20240203_203608\\Amazon_Test_Suite\\20240203_203608\\execution0.log"/>
         <property name="attachments" value=""/>
         <property name="hostName" value="yeddula sai lokesh - LAPTOP-66KHDLCV"/>
         <property name="os" value="Windows 11 64bit"/>
         <property name="katalonVersion" value="9.0.0.212"/>
         <property name="browser" value="Chrome 121.0.0.0"/>
         <property name="hostAddress" value="192.168.1.3"/>
         <property name="sessionId" value="78fa65afbcb81d233e664b48d7bf58a2"/>
         <property name="seleniumVersion" value="3.141.59"/>
         <property name="proxyInformation" value="ProxyInformation { proxyOption=NO_PROXY, proxyServerType=HTTP, username=, password=********, proxyServerAddress=, proxyServerPort=0, executionList=&quot;&quot;, isApplyToDesiredCapabilities=true }"/>
         <property name="platform" value="Windows 11"/>
      </properties>
      <testcase name="Test Cases/TC_Amazon_Home_001" time="25.249" classname="Test Cases/TC_Amazon_Home_001" status="PASSED">
         <system-out><![CDATA[2024-02-03 20:36:29 - [TEST_CASE][PASSED] - Test Cases/TC_Amazon_Home_001: Test Cases/TC_Amazon_Home_001

2024-02-03 20:36:29 - [TEST_STEP][PASSED] - Start listener action : sampleBeforeTestCase: Object: 'Object Repository/TC_TL_Amazon_wishlist/Page_Amazon Sign-In/inputsignInSubmit' is clicked on

2024-02-03 20:36:29 - [TEST_STEP][PASSED] - setText(findTestObject("Object Repository/TC_TL_Amazon_wishlist/Page_Amazon Sign-In/input_email"), "lokeshsai674@gmail.com"): Text 'lokeshsai674@gmail.com' is set on object 'Object Repository/TC_TL_Amazon_wishlist/Page_Amazon Sign-In/input_email'

2024-02-03 20:36:30 - [MESSAGE][PASSED] - Text 'lokeshsai674@gmail.com' is set on object 'Object Repository/TC_TL_Amazon_wishlist/Page_Amazon Sign-In/input_email'

2024-02-03 20:36:30 - [TEST_STEP][PASSED] - click(findTestObject("Object Repository/TC_TL_Amazon_wishlist/Page_Amazon Sign-In/inputcontinue")): Object: 'Object Repository/TC_TL_Amazon_wishlist/Page_Amazon Sign-In/inputcontinue' is clicked on

2024-02-03 20:36:33 - [MESSAGE][PASSED] - Object: 'Object Repository/TC_TL_Amazon_wishlist/Page_Amazon Sign-In/inputcontinue' is clicked on

2024-02-03 20:36:33 - [TEST_STEP][PASSED] - setEncryptedText(findTestObject("Object Repository/TC_TL_Amazon_wishlist/Page_Amazon Sign-In/input_password"), "Kil7TJn2SLijfPVlUCkevA=="): Text ****** has been set on object 'Object Repository/TC_TL_Amazon_wishlist/Page_Amazon Sign-In/input_password'

2024-02-03 20:36:34 - [MESSAGE][PASSED] - Text ****** has been set on object 'Object Repository/TC_TL_Amazon_wishlist/Page_Amazon Sign-In/input_password'

2024-02-03 20:36:34 - [TEST_STEP][PASSED] - click(findTestObject("Object Repository/TC_TL_Amazon_wishlist/Page_Amazon Sign-In/inputsignInSubmit")): Object: 'Object Repository/TC_TL_Amazon_wishlist/Page_Amazon Sign-In/inputsignInSubmit' is clicked on

2024-02-03 20:36:34 - [MESSAGE][PASSED] - Object: 'Object Repository/TC_TL_Amazon_wishlist/Page_Amazon Sign-In/inputsignInSubmit' is clicked on

2024-02-03 20:36:34 - [TEST_STEP][PASSED] - openBrowser(""): Browser is opened with url: ''

2024-02-03 20:36:34 - [MESSAGE][WARNING] - A browser is already opened. Closing browser and opening a new one

2024-02-03 20:36:35 - [MESSAGE][INFO] - Starting 'Chrome' driver

2024-02-03 20:36:35 - [MESSAGE][INFO] - Action delay is set to 0 milliseconds

2024-02-03 20:36:35 - [MESSAGE][PASSED] - Browser is opened with url: ''

2024-02-03 20:36:35 - [TEST_STEP][PASSED] - navigateToUrl("https://www.amazon.com/"): Navigate to 'https://www.amazon.com/' successfully

2024-02-03 20:36:36 - [MESSAGE][PASSED] - Navigate to 'https://www.amazon.com/' successfully

2024-02-03 20:36:36 - [TEST_STEP][PASSED] - selectOptionByValue(findTestObject("Object Repository/TC_Amazon_Home_001_OR/Page_Amazon.com. Spend less. Smile more/select_All Departments        Arts  Crafts _135c92"), "search-alias=stripbooks-intl-ship", true): All options with value 'search-alias=stripbooks-intl-ship' are selected in object 'Object Repository/TC_Amazon_Home_001_OR/Page_Amazon.com. Spend less. Smile more/select_All Departments        Arts  Crafts _135c92'  using regular expression

2024-02-03 20:36:48 - [MESSAGE][PASSED] - All options with value 'search-alias=stripbooks-intl-ship' are selected in object 'Object Repository/TC_Amazon_Home_001_OR/Page_Amazon.com. Spend less. Smile more/select_All Departments        Arts  Crafts _135c92'  using regular expression

2024-02-03 20:36:48 - [TEST_STEP][PASSED] - setText(findTestObject("Object Repository/TC_Amazon_Home_001_OR/Page_Amazon.com. Spend less. Smile more/input_field-keywords"), "da vinci code"): Text 'da vinci code' is set on object 'Object Repository/TC_Amazon_Home_001_OR/Page_Amazon.com. Spend less. Smile more/input_field-keywords'

2024-02-03 20:36:49 - [MESSAGE][PASSED] - Text 'da vinci code' is set on object 'Object Repository/TC_Amazon_Home_001_OR/Page_Amazon.com. Spend less. Smile more/input_field-keywords'

2024-02-03 20:36:49 - [TEST_STEP][PASSED] - click(findTestObject("Object Repository/TC_Amazon_Home_001_OR/Page_Amazon.com. Spend less. Smile more/inputnav-search-submit-button")): Object: 'Object Repository/TC_Amazon_Home_001_OR/Page_Amazon.com. Spend less. Smile more/inputnav-search-submit-button' is clicked on

2024-02-03 20:36:54 - [MESSAGE][PASSED] - Object: 'Object Repository/TC_Amazon_Home_001_OR/Page_Amazon.com. Spend less. Smile more/inputnav-search-submit-button' is clicked on

2024-02-03 20:36:54 - [TEST_STEP][PASSED] - closeBrowser(): Browser is closed

2024-02-03 20:36:54 - [MESSAGE][PASSED] - Browser is closed

2024-02-03 20:36:54 - [TEST_STEP][ERROR] - Start listener action : sampleAfterTestCase: com.kms.katalon.core.exception.StepFailedException: Unable to click on object 'Object Repository/TC_TL_Amazon_wishlist/Page_Amazon.com/a_All'
	at com.kms.katalon.core.webui.keyword.internal.WebUIKeywordMain.stepFailed(WebUIKeywordMain.groovy:64)
	at com.kms.katalon.core.webui.keyword.internal.WebUIKeywordMain.runKeyword(WebUIKeywordMain.groovy:26)
	at com.kms.katalon.core.webui.keyword.builtin.ClickKeyword.click(ClickKeyword.groovy:74)
	at com.kms.katalon.core.webui.keyword.builtin.ClickKeyword.execute(ClickKeyword.groovy:40)
	at com.kms.katalon.core.keyword.internal.KeywordExecutor.executeKeywordForPlatform(KeywordExecutor.groovy:74)
	at com.kms.katalon.core.webui.keyword.WebUiBuiltInKeywords.click(WebUiBuiltInKeywords.groovy:620)
	at Amazon_TL_Wishlist.sampleAfterTestCase(Amazon_TL_Wishlist.groovy:52)
	at java.base/jdk.internal.reflect.NativeMethodAccessorImpl.invoke0(Native Method)
	at java.base/jdk.internal.reflect.NativeMethodAccessorImpl.invoke(NativeMethodAccessorImpl.java:77)
	at java.base/jdk.internal.reflect.DelegatingMethodAccessorImpl.invoke(DelegatingMethodAccessorImpl.java:43)
	at com.kms.katalon.core.context.internal.TestHooker.invokeMethod(TestHooker.java:111)
	at com.kms.katalon.core.context.internal.TestHooker.lambda$3(TestHooker.java:95)
	at com.kms.katalon.core.context.internal.TestHooker.invokeContextMethods(TestHooker.java:94)
	at com.kms.katalon.core.context.internal.TestListenerCollector.lambda$3(TestListenerCollector.java:88)
	at com.kms.katalon.core.context.internal.TestListenerCollector.handleListenerEvent(TestListenerCollector.java:85)
	at com.kms.katalon.core.context.internal.ExecutionEventManager.publicEvent(ExecutionEventManager.java:36)
	at com.kms.katalon.core.main.TestCaseExecutor.execute(TestCaseExecutor.java:315)
	at com.kms.katalon.core.common.CommonExecutor.accessTestCaseMainPhase(CommonExecutor.java:65)
	at com.kms.katalon.core.main.TestSuiteExecutor.accessTestSuiteMainPhase(TestSuiteExecutor.java:148)
	at com.kms.katalon.core.main.TestSuiteExecutor.execute(TestSuiteExecutor.java:106)
	at com.kms.katalon.core.main.TestCaseMain.startTestSuite(TestCaseMain.java:187)
	at TempTestSuite1706972768649.run(TempTestSuite1706972768649.groovy:36)
	at java.base/jdk.internal.reflect.NativeMethodAccessorImpl.invoke0(Native Method)
	at java.base/jdk.internal.reflect.NativeMethodAccessorImpl.invoke(NativeMethodAccessorImpl.java:77)
	at java.base/jdk.internal.reflect.DelegatingMethodAccessorImpl.invoke(DelegatingMethodAccessorImpl.java:43)
Caused by: org.openqa.selenium.NoSuchSessionException: Session ID is null. Using WebDriver after calling quit()?
Build info: version: '3.141.59', revision: 'e82be7d358', time: '2018-11-14T08:25:53'
System info: host: 'LAPTOP-66KHDLCV', ip: '192.168.1.3', os.name: 'Windows 11', os.arch: 'amd64', os.version: '10.0', java.version: '17.0.7'
Driver info: driver.version: RemoteWebDriver
	at org.openqa.selenium.remote.HttpCommandExecutor.execute(HttpCommandExecutor.java:125)
	at org.openqa.selenium.remote.service.DriverCommandExecutor.execute(DriverCommandExecutor.java:83)
	at org.openqa.selenium.remote.RemoteWebDriver.execute(RemoteWebDriver.java:552)
	at com.kms.katalon.selenium.driver.CChromeDriver.execute(CChromeDriver.java:19)
	at org.openqa.selenium.remote.RemoteWebDriver.findElements(RemoteWebDriver.java:353)
	at org.openqa.selenium.remote.RemoteWebDriver.findElementsByXPath(RemoteWebDriver.java:432)
	at org.openqa.selenium.By$ByXPath.findElements(By.java:348)
	at org.openqa.selenium.remote.RemoteWebDriver.findElements(RemoteWebDriver.java:311)
	at com.kms.katalon.core.webui.common.WebUiCommonHelper.findElementByNormalMethods(WebUiCommonHelper.java:1025)
	at com.kms.katalon.core.webui.common.WebUiCommonHelper.findElementsBySelectedMethod(WebUiCommonHelper.java:915)
	at com.kms.katalon.core.webui.common.WebUiCommonHelper.findElementsBySelectedMethod(WebUiCommonHelper.java:897)
	at com.kms.katalon.core.webui.common.WebUiCommonHelper.findElementsBySelectedMethod(WebUiCommonHelper.java:892)
	at com.kms.katalon.core.webui.common.WebUiCommonHelper.findElementsByDefault(WebUiCommonHelper.java:888)
	at com.kms.katalon.core.webui.common.WebUiCommonHelper.findElementsWithSelfHealing(WebUiCommonHelper.java:734)
	at com.kms.katalon.core.webui.common.WebUiCommonHelper.findWebElements(WebUiCommonHelper.java:718)
	at com.kms.katalon.core.webui.common.WebUiCommonHelper.findWebElement(WebUiCommonHelper.java:1374)
	at com.kms.katalon.core.webui.keyword.internal.WebUIAbstractKeyword.findWebElement(WebUIAbstractKeyword.groovy:27)
	at com.kms.katalon.core.webui.keyword.builtin.ClickKeyword$_click_closure1.doCall(ClickKeyword.groovy:65)
	at com.kms.katalon.core.webui.keyword.builtin.ClickKeyword$_click_closure1.call(ClickKeyword.groovy)
	at com.kms.katalon.core.webui.keyword.internal.WebUIKeywordMain.runKeyword(WebUIKeywordMain.groovy:20)
	... 23 more


2024-02-03 20:36:54 - [TEST_STEP][ERROR] - click(findTestObject("Object Repository/TC_TL_Amazon_wishlist/Page_Amazon.com/a_All")): com.kms.katalon.core.exception.StepFailedException: Unable to click on object 'Object Repository/TC_TL_Amazon_wishlist/Page_Amazon.com/a_All'
	at com.kms.katalon.core.webui.keyword.internal.WebUIKeywordMain.stepFailed(WebUIKeywordMain.groovy:64)
	at com.kms.katalon.core.webui.keyword.internal.WebUIKeywordMain.runKeyword(WebUIKeywordMain.groovy:26)
	at com.kms.katalon.core.webui.keyword.builtin.ClickKeyword.click(ClickKeyword.groovy:74)
	at com.kms.katalon.core.webui.keyword.builtin.ClickKeyword.execute(ClickKeyword.groovy:40)
	at com.kms.katalon.core.keyword.internal.KeywordExecutor.executeKeywordForPlatform(KeywordExecutor.groovy:74)
	at com.kms.katalon.core.webui.keyword.WebUiBuiltInKeywords.click(WebUiBuiltInKeywords.groovy:620)
	at Amazon_TL_Wishlist.sampleAfterTestCase(Amazon_TL_Wishlist.groovy:52)
	at java.base/jdk.internal.reflect.NativeMethodAccessorImpl.invoke0(Native Method)
	at java.base/jdk.internal.reflect.NativeMethodAccessorImpl.invoke(NativeMethodAccessorImpl.java:77)
	at java.base/jdk.internal.reflect.DelegatingMethodAccessorImpl.invoke(DelegatingMethodAccessorImpl.java:43)
	at com.kms.katalon.core.context.internal.TestHooker.invokeMethod(TestHooker.java:111)
	at com.kms.katalon.core.context.internal.TestHooker.lambda$3(TestHooker.java:95)
	at com.kms.katalon.core.context.internal.TestHooker.invokeContextMethods(TestHooker.java:94)
	at com.kms.katalon.core.context.internal.TestListenerCollector.lambda$3(TestListenerCollector.java:88)
	at com.kms.katalon.core.context.internal.TestListenerCollector.handleListenerEvent(TestListenerCollector.java:85)
	at com.kms.katalon.core.context.internal.ExecutionEventManager.publicEvent(ExecutionEventManager.java:36)
	at com.kms.katalon.core.main.TestCaseExecutor.execute(TestCaseExecutor.java:315)
	at com.kms.katalon.core.common.CommonExecutor.accessTestCaseMainPhase(CommonExecutor.java:65)
	at com.kms.katalon.core.main.TestSuiteExecutor.accessTestSuiteMainPhase(TestSuiteExecutor.java:148)
	at com.kms.katalon.core.main.TestSuiteExecutor.execute(TestSuiteExecutor.java:106)
	at com.kms.katalon.core.main.TestCaseMain.startTestSuite(TestCaseMain.java:187)
	at TempTestSuite1706972768649.run(TempTestSuite1706972768649.groovy:36)
	at java.base/jdk.internal.reflect.NativeMethodAccessorImpl.invoke0(Native Method)
	at java.base/jdk.internal.reflect.NativeMethodAccessorImpl.invoke(NativeMethodAccessorImpl.java:77)
	at java.base/jdk.internal.reflect.DelegatingMethodAccessorImpl.invoke(DelegatingMethodAccessorImpl.java:43)
Caused by: org.openqa.selenium.NoSuchSessionException: Session ID is null. Using WebDriver after calling quit()?
Build info: version: '3.141.59', revision: 'e82be7d358', time: '2018-11-14T08:25:53'
System info: host: 'LAPTOP-66KHDLCV', ip: '192.168.1.3', os.name: 'Windows 11', os.arch: 'amd64', os.version: '10.0', java.version: '17.0.7'
Driver info: driver.version: RemoteWebDriver
	at org.openqa.selenium.remote.HttpCommandExecutor.execute(HttpCommandExecutor.java:125)
	at org.openqa.selenium.remote.service.DriverCommandExecutor.execute(DriverCommandExecutor.java:83)
	at org.openqa.selenium.remote.RemoteWebDriver.execute(RemoteWebDriver.java:552)
	at com.kms.katalon.selenium.driver.CChromeDriver.execute(CChromeDriver.java:19)
	at org.openqa.selenium.remote.RemoteWebDriver.findElements(RemoteWebDriver.java:353)
	at org.openqa.selenium.remote.RemoteWebDriver.findElementsByXPath(RemoteWebDriver.java:432)
	at org.openqa.selenium.By$ByXPath.findElements(By.java:348)
	at org.openqa.selenium.remote.RemoteWebDriver.findElements(RemoteWebDriver.java:311)
	at com.kms.katalon.core.webui.common.WebUiCommonHelper.findElementByNormalMethods(WebUiCommonHelper.java:1025)
	at com.kms.katalon.core.webui.common.WebUiCommonHelper.findElementsBySelectedMethod(WebUiCommonHelper.java:915)
	at com.kms.katalon.core.webui.common.WebUiCommonHelper.findElementsBySelectedMethod(WebUiCommonHelper.java:897)
	at com.kms.katalon.core.webui.common.WebUiCommonHelper.findElementsBySelectedMethod(WebUiCommonHelper.java:892)
	at com.kms.katalon.core.webui.common.WebUiCommonHelper.findElementsByDefault(WebUiCommonHelper.java:888)
	at com.kms.katalon.core.webui.common.WebUiCommonHelper.findElementsWithSelfHealing(WebUiCommonHelper.java:734)
	at com.kms.katalon.core.webui.common.WebUiCommonHelper.findWebElements(WebUiCommonHelper.java:718)
	at com.kms.katalon.core.webui.common.WebUiCommonHelper.findWebElement(WebUiCommonHelper.java:1374)
	at com.kms.katalon.core.webui.keyword.internal.WebUIAbstractKeyword.findWebElement(WebUIAbstractKeyword.groovy:27)
	at com.kms.katalon.core.webui.keyword.builtin.ClickKeyword$_click_closure1.doCall(ClickKeyword.groovy:65)
	at com.kms.katalon.core.webui.keyword.builtin.ClickKeyword$_click_closure1.call(ClickKeyword.groovy)
	at com.kms.katalon.core.webui.keyword.internal.WebUIKeywordMain.runKeyword(WebUIKeywordMain.groovy:20)
	... 23 more


2024-02-03 20:36:54 - [MESSAGE][WARNING] - [SELF-HEALING] Failed to find element with id 'Object Repository/TC_TL_Amazon_wishlist/Page_Amazon.com/a_All'. Try using Self-healing.

2024-02-03 20:36:54 - [MESSAGE][WARNING] - [SELF-HEALING] Session ID is null. Using WebDriver after calling quit()?
Build info: version: '3.141.59', revision: 'e82be7d358', time: '2018-11-14T08:25:53'
System info: host: 'LAPTOP-66KHDLCV', ip: '192.168.1.3', os.name: 'Windows 11', os.arch: 'amd64', os.version: '10.0', java.version: '17.0.7'
Driver info: driver.version: RemoteWebDriver

2024-02-03 20:36:54 - [MESSAGE][WARNING] - Cannot take screenshot

2024-02-03 20:36:54 - [MESSAGE][FAILED] - Unable to click on object 'Object Repository/TC_TL_Amazon_wishlist/Page_Amazon.com/a_All' (Root cause: com.kms.katalon.core.exception.StepFailedException: Unable to click on object 'Object Repository/TC_TL_Amazon_wishlist/Page_Amazon.com/a_All'
	at com.kms.katalon.core.webui.keyword.internal.WebUIKeywordMain.stepFailed(WebUIKeywordMain.groovy:64)
	at com.kms.katalon.core.webui.keyword.internal.WebUIKeywordMain.runKeyword(WebUIKeywordMain.groovy:26)
	at com.kms.katalon.core.webui.keyword.builtin.ClickKeyword.click(ClickKeyword.groovy:74)
	at com.kms.katalon.core.webui.keyword.builtin.ClickKeyword.execute(ClickKeyword.groovy:40)
	at com.kms.katalon.core.keyword.internal.KeywordExecutor.executeKeywordForPlatform(KeywordExecutor.groovy:74)
	at com.kms.katalon.core.webui.keyword.WebUiBuiltInKeywords.click(WebUiBuiltInKeywords.groovy:620)
	at Amazon_TL_Wishlist.sampleAfterTestCase(Amazon_TL_Wishlist.groovy:52)
	at java.base/jdk.internal.reflect.NativeMethodAccessorImpl.invoke0(Native Method)
	at java.base/jdk.internal.reflect.NativeMethodAccessorImpl.invoke(NativeMethodAccessorImpl.java:77)
	at java.base/jdk.internal.reflect.DelegatingMethodAccessorImpl.invoke(DelegatingMethodAccessorImpl.java:43)
	at com.kms.katalon.core.context.internal.TestHooker.invokeMethod(TestHooker.java:111)
	at com.kms.katalon.core.context.internal.TestHooker.lambda$3(TestHooker.java:95)
	at com.kms.katalon.core.context.internal.TestHooker.invokeContextMethods(TestHooker.java:94)
	at com.kms.katalon.core.context.internal.TestListenerCollector.lambda$3(TestListenerCollector.java:88)
	at com.kms.katalon.core.context.internal.TestListenerCollector.handleListenerEvent(TestListenerCollector.java:85)
	at com.kms.katalon.core.context.internal.ExecutionEventManager.publicEvent(ExecutionEventManager.java:36)
	at com.kms.katalon.core.main.TestCaseExecutor.execute(TestCaseExecutor.java:315)
	at com.kms.katalon.core.common.CommonExecutor.accessTestCaseMainPhase(CommonExecutor.java:65)
	at com.kms.katalon.core.main.TestSuiteExecutor.accessTestSuiteMainPhase(TestSuiteExecutor.java:148)
	at com.kms.katalon.core.main.TestSuiteExecutor.execute(TestSuiteExecutor.java:106)
	at com.kms.katalon.core.main.TestCaseMain.startTestSuite(TestCaseMain.java:187)
	at TempTestSuite1706972768649.run(TempTestSuite1706972768649.groovy:36)
	at java.base/jdk.internal.reflect.NativeMethodAccessorImpl.invoke0(Native Method)
	at java.base/jdk.internal.reflect.NativeMethodAccessorImpl.invoke(NativeMethodAccessorImpl.java:77)
	at java.base/jdk.internal.reflect.DelegatingMethodAccessorImpl.invoke(DelegatingMethodAccessorImpl.java:43)
Caused by: org.openqa.selenium.NoSuchSessionException: Session ID is null. Using WebDriver after calling quit()?
Build info: version: '3.141.59', revision: 'e82be7d358', time: '2018-11-14T08:25:53'
System info: host: 'LAPTOP-66KHDLCV', ip: '192.168.1.3', os.name: 'Windows 11', os.arch: 'amd64', os.version: '10.0', java.version: '17.0.7'
Driver info: driver.version: RemoteWebDriver
	at org.openqa.selenium.remote.HttpCommandExecutor.execute(HttpCommandExecutor.java:125)
	at org.openqa.selenium.remote.service.DriverCommandExecutor.execute(DriverCommandExecutor.java:83)
	at org.openqa.selenium.remote.RemoteWebDriver.execute(RemoteWebDriver.java:552)
	at com.kms.katalon.selenium.driver.CChromeDriver.execute(CChromeDriver.java:19)
	at org.openqa.selenium.remote.RemoteWebDriver.findElements(RemoteWebDriver.java:353)
	at org.openqa.selenium.remote.RemoteWebDriver.findElementsByXPath(RemoteWebDriver.java:432)
	at org.openqa.selenium.By$ByXPath.findElements(By.java:348)
	at org.openqa.selenium.remote.RemoteWebDriver.findElements(RemoteWebDriver.java:311)
	at com.kms.katalon.core.webui.common.WebUiCommonHelper.findElementByNormalMethods(WebUiCommonHelper.java:1025)
	at com.kms.katalon.core.webui.common.WebUiCommonHelper.findElementsBySelectedMethod(WebUiCommonHelper.java:915)
	at com.kms.katalon.core.webui.common.WebUiCommonHelper.findElementsBySelectedMethod(WebUiCommonHelper.java:897)
	at com.kms.katalon.core.webui.common.WebUiCommonHelper.findElementsBySelectedMethod(WebUiCommonHelper.java:892)
	at com.kms.katalon.core.webui.common.WebUiCommonHelper.findElementsByDefault(WebUiCommonHelper.java:888)
	at com.kms.katalon.core.webui.common.WebUiCommonHelper.findElementsWithSelfHealing(WebUiCommonHelper.java:734)
	at com.kms.katalon.core.webui.common.WebUiCommonHelper.findWebElements(WebUiCommonHelper.java:718)
	at com.kms.katalon.core.webui.common.WebUiCommonHelper.findWebElement(WebUiCommonHelper.java:1374)
	at com.kms.katalon.core.webui.keyword.internal.WebUIAbstractKeyword.findWebElement(WebUIAbstractKeyword.groovy:27)
	at com.kms.katalon.core.webui.keyword.builtin.ClickKeyword$_click_closure1.doCall(ClickKeyword.groovy:65)
	at com.kms.katalon.core.webui.keyword.builtin.ClickKeyword$_click_closure1.call(ClickKeyword.groovy)
	at com.kms.katalon.core.webui.keyword.internal.WebUIKeywordMain.runKeyword(WebUIKeywordMain.groovy:20)
	... 23 more
)

2024-02-03 20:36:54 - [MESSAGE][ERROR] - com.kms.katalon.core.exception.StepFailedException: Unable to click on object 'Object Repository/TC_TL_Amazon_wishlist/Page_Amazon.com/a_All'
	at com.kms.katalon.core.webui.keyword.internal.WebUIKeywordMain.stepFailed(WebUIKeywordMain.groovy:64)
	at com.kms.katalon.core.webui.keyword.internal.WebUIKeywordMain.runKeyword(WebUIKeywordMain.groovy:26)
	at com.kms.katalon.core.webui.keyword.builtin.ClickKeyword.click(ClickKeyword.groovy:74)
	at com.kms.katalon.core.webui.keyword.builtin.ClickKeyword.execute(ClickKeyword.groovy:40)
	at com.kms.katalon.core.keyword.internal.KeywordExecutor.executeKeywordForPlatform(KeywordExecutor.groovy:74)
	at com.kms.katalon.core.webui.keyword.WebUiBuiltInKeywords.click(WebUiBuiltInKeywords.groovy:620)
	at Amazon_TL_Wishlist.sampleAfterTestCase(Amazon_TL_Wishlist.groovy:52)
	at java.base/jdk.internal.reflect.NativeMethodAccessorImpl.invoke0(Native Method)
	at java.base/jdk.internal.reflect.NativeMethodAccessorImpl.invoke(NativeMethodAccessorImpl.java:77)
	at java.base/jdk.internal.reflect.DelegatingMethodAccessorImpl.invoke(DelegatingMethodAccessorImpl.java:43)
	at com.kms.katalon.core.context.internal.TestHooker.invokeMethod(TestHooker.java:111)
	at com.kms.katalon.core.context.internal.TestHooker.lambda$3(TestHooker.java:95)
	at com.kms.katalon.core.context.internal.TestHooker.invokeContextMethods(TestHooker.java:94)
	at com.kms.katalon.core.context.internal.TestListenerCollector.lambda$3(TestListenerCollector.java:88)
	at com.kms.katalon.core.context.internal.TestListenerCollector.handleListenerEvent(TestListenerCollector.java:85)
	at com.kms.katalon.core.context.internal.ExecutionEventManager.publicEvent(ExecutionEventManager.java:36)
	at com.kms.katalon.core.main.TestCaseExecutor.execute(TestCaseExecutor.java:315)
	at com.kms.katalon.core.common.CommonExecutor.accessTestCaseMainPhase(CommonExecutor.java:65)
	at com.kms.katalon.core.main.TestSuiteExecutor.accessTestSuiteMainPhase(TestSuiteExecutor.java:148)
	at com.kms.katalon.core.main.TestSuiteExecutor.execute(TestSuiteExecutor.java:106)
	at com.kms.katalon.core.main.TestCaseMain.startTestSuite(TestCaseMain.java:187)
	at TempTestSuite1706972768649.run(TempTestSuite1706972768649.groovy:36)
	at java.base/jdk.internal.reflect.NativeMethodAccessorImpl.invoke0(Native Method)
	at java.base/jdk.internal.reflect.NativeMethodAccessorImpl.invoke(NativeMethodAccessorImpl.java:77)
	at java.base/jdk.internal.reflect.DelegatingMethodAccessorImpl.invoke(DelegatingMethodAccessorImpl.java:43)
Caused by: org.openqa.selenium.NoSuchSessionException: Session ID is null. Using WebDriver after calling quit()?
Build info: version: '3.141.59', revision: 'e82be7d358', time: '2018-11-14T08:25:53'
System info: host: 'LAPTOP-66KHDLCV', ip: '192.168.1.3', os.name: 'Windows 11', os.arch: 'amd64', os.version: '10.0', java.version: '17.0.7'
Driver info: driver.version: RemoteWebDriver
	at org.openqa.selenium.remote.HttpCommandExecutor.execute(HttpCommandExecutor.java:125)
	at org.openqa.selenium.remote.service.DriverCommandExecutor.execute(DriverCommandExecutor.java:83)
	at org.openqa.selenium.remote.RemoteWebDriver.execute(RemoteWebDriver.java:552)
	at com.kms.katalon.selenium.driver.CChromeDriver.execute(CChromeDriver.java:19)
	at org.openqa.selenium.remote.RemoteWebDriver.findElements(RemoteWebDriver.java:353)
	at org.openqa.selenium.remote.RemoteWebDriver.findElementsByXPath(RemoteWebDriver.java:432)
	at org.openqa.selenium.By$ByXPath.findElements(By.java:348)
	at org.openqa.selenium.remote.RemoteWebDriver.findElements(RemoteWebDriver.java:311)
	at com.kms.katalon.core.webui.common.WebUiCommonHelper.findElementByNormalMethods(WebUiCommonHelper.java:1025)
	at com.kms.katalon.core.webui.common.WebUiCommonHelper.findElementsBySelectedMethod(WebUiCommonHelper.java:915)
	at com.kms.katalon.core.webui.common.WebUiCommonHelper.findElementsBySelectedMethod(WebUiCommonHelper.java:897)
	at com.kms.katalon.core.webui.common.WebUiCommonHelper.findElementsBySelectedMethod(WebUiCommonHelper.java:892)
	at com.kms.katalon.core.webui.common.WebUiCommonHelper.findElementsByDefault(WebUiCommonHelper.java:888)
	at com.kms.katalon.core.webui.common.WebUiCommonHelper.findElementsWithSelfHealing(WebUiCommonHelper.java:734)
	at com.kms.katalon.core.webui.common.WebUiCommonHelper.findWebElements(WebUiCommonHelper.java:718)
	at com.kms.katalon.core.webui.common.WebUiCommonHelper.findWebElement(WebUiCommonHelper.java:1374)
	at com.kms.katalon.core.webui.keyword.internal.WebUIAbstractKeyword.findWebElement(WebUIAbstractKeyword.groovy:27)
	at com.kms.katalon.core.webui.keyword.builtin.ClickKeyword$_click_closure1.doCall(ClickKeyword.groovy:65)
	at com.kms.katalon.core.webui.keyword.builtin.ClickKeyword$_click_closure1.call(ClickKeyword.groovy)
	at com.kms.katalon.core.webui.keyword.internal.WebUIKeywordMain.runKeyword(WebUIKeywordMain.groovy:20)
	... 23 more]]></system-out>
         <system-err><![CDATA[]]></system-err>
      </testcase>
      <testcase name="Test Cases/TC_Amazon_Home_002" time="26.795" classname="Test Cases/TC_Amazon_Home_002" status="PASSED">
         <system-out><![CDATA[2024-02-03 20:36:54 - [TEST_CASE][PASSED] - Test Cases/TC_Amazon_Home_002: Test Cases/TC_Amazon_Home_002

2024-02-03 20:36:54 - [TEST_STEP][ERROR] - Start listener action : sampleBeforeTestCase: com.kms.katalon.core.exception.StepFailedException: Unable to set text 'lokeshsai674@gmail.com' of object 'Object Repository/TC_TL_Amazon_wishlist/Page_Amazon Sign-In/input_email'
	at com.kms.katalon.core.webui.keyword.internal.WebUIKeywordMain.stepFailed(WebUIKeywordMain.groovy:64)
	at com.kms.katalon.core.webui.keyword.internal.WebUIKeywordMain.runKeyword(WebUIKeywordMain.groovy:26)
	at com.kms.katalon.core.webui.keyword.builtin.SetTextKeyword.setText(SetTextKeyword.groovy:66)
	at com.kms.katalon.core.webui.keyword.builtin.SetTextKeyword.execute(SetTextKeyword.groovy:37)
	at com.kms.katalon.core.keyword.internal.KeywordExecutor.executeKeywordForPlatform(KeywordExecutor.groovy:74)
	at com.kms.katalon.core.webui.keyword.WebUiBuiltInKeywords.setText(WebUiBuiltInKeywords.groovy:980)
	at Amazon_TL_Wishlist.sampleBeforeTestCase(Amazon_TL_Wishlist.groovy:33)
	at java.base/jdk.internal.reflect.NativeMethodAccessorImpl.invoke0(Native Method)
	at java.base/jdk.internal.reflect.NativeMethodAccessorImpl.invoke(NativeMethodAccessorImpl.java:77)
	at java.base/jdk.internal.reflect.DelegatingMethodAccessorImpl.invoke(DelegatingMethodAccessorImpl.java:43)
	at com.kms.katalon.core.context.internal.TestHooker.invokeMethod(TestHooker.java:111)
	at com.kms.katalon.core.context.internal.TestHooker.lambda$3(TestHooker.java:95)
	at com.kms.katalon.core.context.internal.TestHooker.invokeContextMethods(TestHooker.java:94)
	at com.kms.katalon.core.context.internal.TestListenerCollector.lambda$3(TestListenerCollector.java:88)
	at com.kms.katalon.core.context.internal.TestListenerCollector.handleListenerEvent(TestListenerCollector.java:85)
	at com.kms.katalon.core.context.internal.ExecutionEventManager.publicEvent(ExecutionEventManager.java:36)
	at com.kms.katalon.core.main.TestCaseExecutor.execute(TestCaseExecutor.java:268)
	at com.kms.katalon.core.common.CommonExecutor.accessTestCaseMainPhase(CommonExecutor.java:65)
	at com.kms.katalon.core.main.TestSuiteExecutor.accessTestSuiteMainPhase(TestSuiteExecutor.java:148)
	at com.kms.katalon.core.main.TestSuiteExecutor.execute(TestSuiteExecutor.java:106)
	at com.kms.katalon.core.main.TestCaseMain.startTestSuite(TestCaseMain.java:187)
	at TempTestSuite1706972768649.run(TempTestSuite1706972768649.groovy:36)
	at java.base/jdk.internal.reflect.NativeMethodAccessorImpl.invoke0(Native Method)
	at java.base/jdk.internal.reflect.NativeMethodAccessorImpl.invoke(NativeMethodAccessorImpl.java:77)
	at java.base/jdk.internal.reflect.DelegatingMethodAccessorImpl.invoke(DelegatingMethodAccessorImpl.java:43)
Caused by: org.openqa.selenium.NoSuchSessionException: Session ID is null. Using WebDriver after calling quit()?
Build info: version: '3.141.59', revision: 'e82be7d358', time: '2018-11-14T08:25:53'
System info: host: 'LAPTOP-66KHDLCV', ip: '192.168.1.3', os.name: 'Windows 11', os.arch: 'amd64', os.version: '10.0', java.version: '17.0.7'
Driver info: driver.version: RemoteWebDriver
	at org.openqa.selenium.remote.HttpCommandExecutor.execute(HttpCommandExecutor.java:125)
	at org.openqa.selenium.remote.service.DriverCommandExecutor.execute(DriverCommandExecutor.java:83)
	at org.openqa.selenium.remote.RemoteWebDriver.execute(RemoteWebDriver.java:552)
	at com.kms.katalon.selenium.driver.CChromeDriver.execute(CChromeDriver.java:19)
	at org.openqa.selenium.remote.RemoteWebDriver.findElements(RemoteWebDriver.java:353)
	at org.openqa.selenium.remote.RemoteWebDriver.findElementsByXPath(RemoteWebDriver.java:432)
	at org.openqa.selenium.By$ByXPath.findElements(By.java:348)
	at org.openqa.selenium.remote.RemoteWebDriver.findElements(RemoteWebDriver.java:311)
	at com.kms.katalon.core.webui.common.WebUiCommonHelper.findElementByNormalMethods(WebUiCommonHelper.java:1025)
	at com.kms.katalon.core.webui.common.WebUiCommonHelper.findElementsBySelectedMethod(WebUiCommonHelper.java:915)
	at com.kms.katalon.core.webui.common.WebUiCommonHelper.findElementsBySelectedMethod(WebUiCommonHelper.java:897)
	at com.kms.katalon.core.webui.common.WebUiCommonHelper.findElementsBySelectedMethod(WebUiCommonHelper.java:892)
	at com.kms.katalon.core.webui.common.WebUiCommonHelper.findElementsByDefault(WebUiCommonHelper.java:888)
	at com.kms.katalon.core.webui.common.WebUiCommonHelper.findElementsWithSelfHealing(WebUiCommonHelper.java:734)
	at com.kms.katalon.core.webui.common.WebUiCommonHelper.findWebElements(WebUiCommonHelper.java:718)
	at com.kms.katalon.core.webui.common.WebUiCommonHelper.findWebElement(WebUiCommonHelper.java:1374)
	at com.kms.katalon.core.webui.keyword.internal.WebUIAbstractKeyword.findWebElement(WebUIAbstractKeyword.groovy:27)
	at com.kms.katalon.core.webui.keyword.internal.WebUIAbstractKeyword.findWebElement(WebUIAbstractKeyword.groovy:26)
	at com.kms.katalon.core.webui.keyword.builtin.SetTextKeyword$_setText_closure1.doCall(SetTextKeyword.groovy:51)
	at com.kms.katalon.core.webui.keyword.builtin.SetTextKeyword$_setText_closure1.call(SetTextKeyword.groovy)
	at com.kms.katalon.core.webui.keyword.internal.WebUIKeywordMain.runKeyword(WebUIKeywordMain.groovy:20)
	... 23 more


2024-02-03 20:36:54 - [TEST_STEP][ERROR] - setText(findTestObject("Object Repository/TC_TL_Amazon_wishlist/Page_Amazon Sign-In/input_email"), "lokeshsai674@gmail.com"): com.kms.katalon.core.exception.StepFailedException: Unable to set text 'lokeshsai674@gmail.com' of object 'Object Repository/TC_TL_Amazon_wishlist/Page_Amazon Sign-In/input_email'
	at com.kms.katalon.core.webui.keyword.internal.WebUIKeywordMain.stepFailed(WebUIKeywordMain.groovy:64)
	at com.kms.katalon.core.webui.keyword.internal.WebUIKeywordMain.runKeyword(WebUIKeywordMain.groovy:26)
	at com.kms.katalon.core.webui.keyword.builtin.SetTextKeyword.setText(SetTextKeyword.groovy:66)
	at com.kms.katalon.core.webui.keyword.builtin.SetTextKeyword.execute(SetTextKeyword.groovy:37)
	at com.kms.katalon.core.keyword.internal.KeywordExecutor.executeKeywordForPlatform(KeywordExecutor.groovy:74)
	at com.kms.katalon.core.webui.keyword.WebUiBuiltInKeywords.setText(WebUiBuiltInKeywords.groovy:980)
	at Amazon_TL_Wishlist.sampleBeforeTestCase(Amazon_TL_Wishlist.groovy:33)
	at java.base/jdk.internal.reflect.NativeMethodAccessorImpl.invoke0(Native Method)
	at java.base/jdk.internal.reflect.NativeMethodAccessorImpl.invoke(NativeMethodAccessorImpl.java:77)
	at java.base/jdk.internal.reflect.DelegatingMethodAccessorImpl.invoke(DelegatingMethodAccessorImpl.java:43)
	at com.kms.katalon.core.context.internal.TestHooker.invokeMethod(TestHooker.java:111)
	at com.kms.katalon.core.context.internal.TestHooker.lambda$3(TestHooker.java:95)
	at com.kms.katalon.core.context.internal.TestHooker.invokeContextMethods(TestHooker.java:94)
	at com.kms.katalon.core.context.internal.TestListenerCollector.lambda$3(TestListenerCollector.java:88)
	at com.kms.katalon.core.context.internal.TestListenerCollector.handleListenerEvent(TestListenerCollector.java:85)
	at com.kms.katalon.core.context.internal.ExecutionEventManager.publicEvent(ExecutionEventManager.java:36)
	at com.kms.katalon.core.main.TestCaseExecutor.execute(TestCaseExecutor.java:268)
	at com.kms.katalon.core.common.CommonExecutor.accessTestCaseMainPhase(CommonExecutor.java:65)
	at com.kms.katalon.core.main.TestSuiteExecutor.accessTestSuiteMainPhase(TestSuiteExecutor.java:148)
	at com.kms.katalon.core.main.TestSuiteExecutor.execute(TestSuiteExecutor.java:106)
	at com.kms.katalon.core.main.TestCaseMain.startTestSuite(TestCaseMain.java:187)
	at TempTestSuite1706972768649.run(TempTestSuite1706972768649.groovy:36)
	at java.base/jdk.internal.reflect.NativeMethodAccessorImpl.invoke0(Native Method)
	at java.base/jdk.internal.reflect.NativeMethodAccessorImpl.invoke(NativeMethodAccessorImpl.java:77)
	at java.base/jdk.internal.reflect.DelegatingMethodAccessorImpl.invoke(DelegatingMethodAccessorImpl.java:43)
Caused by: org.openqa.selenium.NoSuchSessionException: Session ID is null. Using WebDriver after calling quit()?
Build info: version: '3.141.59', revision: 'e82be7d358', time: '2018-11-14T08:25:53'
System info: host: 'LAPTOP-66KHDLCV', ip: '192.168.1.3', os.name: 'Windows 11', os.arch: 'amd64', os.version: '10.0', java.version: '17.0.7'
Driver info: driver.version: RemoteWebDriver
	at org.openqa.selenium.remote.HttpCommandExecutor.execute(HttpCommandExecutor.java:125)
	at org.openqa.selenium.remote.service.DriverCommandExecutor.execute(DriverCommandExecutor.java:83)
	at org.openqa.selenium.remote.RemoteWebDriver.execute(RemoteWebDriver.java:552)
	at com.kms.katalon.selenium.driver.CChromeDriver.execute(CChromeDriver.java:19)
	at org.openqa.selenium.remote.RemoteWebDriver.findElements(RemoteWebDriver.java:353)
	at org.openqa.selenium.remote.RemoteWebDriver.findElementsByXPath(RemoteWebDriver.java:432)
	at org.openqa.selenium.By$ByXPath.findElements(By.java:348)
	at org.openqa.selenium.remote.RemoteWebDriver.findElements(RemoteWebDriver.java:311)
	at com.kms.katalon.core.webui.common.WebUiCommonHelper.findElementByNormalMethods(WebUiCommonHelper.java:1025)
	at com.kms.katalon.core.webui.common.WebUiCommonHelper.findElementsBySelectedMethod(WebUiCommonHelper.java:915)
	at com.kms.katalon.core.webui.common.WebUiCommonHelper.findElementsBySelectedMethod(WebUiCommonHelper.java:897)
	at com.kms.katalon.core.webui.common.WebUiCommonHelper.findElementsBySelectedMethod(WebUiCommonHelper.java:892)
	at com.kms.katalon.core.webui.common.WebUiCommonHelper.findElementsByDefault(WebUiCommonHelper.java:888)
	at com.kms.katalon.core.webui.common.WebUiCommonHelper.findElementsWithSelfHealing(WebUiCommonHelper.java:734)
	at com.kms.katalon.core.webui.common.WebUiCommonHelper.findWebElements(WebUiCommonHelper.java:718)
	at com.kms.katalon.core.webui.common.WebUiCommonHelper.findWebElement(WebUiCommonHelper.java:1374)
	at com.kms.katalon.core.webui.keyword.internal.WebUIAbstractKeyword.findWebElement(WebUIAbstractKeyword.groovy:27)
	at com.kms.katalon.core.webui.keyword.internal.WebUIAbstractKeyword.findWebElement(WebUIAbstractKeyword.groovy:26)
	at com.kms.katalon.core.webui.keyword.builtin.SetTextKeyword$_setText_closure1.doCall(SetTextKeyword.groovy:51)
	at com.kms.katalon.core.webui.keyword.builtin.SetTextKeyword$_setText_closure1.call(SetTextKeyword.groovy)
	at com.kms.katalon.core.webui.keyword.internal.WebUIKeywordMain.runKeyword(WebUIKeywordMain.groovy:20)
	... 23 more


2024-02-03 20:36:54 - [MESSAGE][WARNING] - [SELF-HEALING] Failed to find element with id 'Object Repository/TC_TL_Amazon_wishlist/Page_Amazon Sign-In/input_email'. Try using Self-healing.

2024-02-03 20:36:54 - [MESSAGE][WARNING] - [SELF-HEALING] Session ID is null. Using WebDriver after calling quit()?
Build info: version: '3.141.59', revision: 'e82be7d358', time: '2018-11-14T08:25:53'
System info: host: 'LAPTOP-66KHDLCV', ip: '192.168.1.3', os.name: 'Windows 11', os.arch: 'amd64', os.version: '10.0', java.version: '17.0.7'
Driver info: driver.version: RemoteWebDriver

2024-02-03 20:36:54 - [MESSAGE][WARNING] - Cannot take screenshot

2024-02-03 20:36:54 - [MESSAGE][FAILED] - Unable to set text 'lokeshsai674@gmail.com' of object 'Object Repository/TC_TL_Amazon_wishlist/Page_Amazon Sign-In/input_email' (Root cause: com.kms.katalon.core.exception.StepFailedException: Unable to set text 'lokeshsai674@gmail.com' of object 'Object Repository/TC_TL_Amazon_wishlist/Page_Amazon Sign-In/input_email'
	at com.kms.katalon.core.webui.keyword.internal.WebUIKeywordMain.stepFailed(WebUIKeywordMain.groovy:64)
	at com.kms.katalon.core.webui.keyword.internal.WebUIKeywordMain.runKeyword(WebUIKeywordMain.groovy:26)
	at com.kms.katalon.core.webui.keyword.builtin.SetTextKeyword.setText(SetTextKeyword.groovy:66)
	at com.kms.katalon.core.webui.keyword.builtin.SetTextKeyword.execute(SetTextKeyword.groovy:37)
	at com.kms.katalon.core.keyword.internal.KeywordExecutor.executeKeywordForPlatform(KeywordExecutor.groovy:74)
	at com.kms.katalon.core.webui.keyword.WebUiBuiltInKeywords.setText(WebUiBuiltInKeywords.groovy:980)
	at Amazon_TL_Wishlist.sampleBeforeTestCase(Amazon_TL_Wishlist.groovy:33)
	at java.base/jdk.internal.reflect.NativeMethodAccessorImpl.invoke0(Native Method)
	at java.base/jdk.internal.reflect.NativeMethodAccessorImpl.invoke(NativeMethodAccessorImpl.java:77)
	at java.base/jdk.internal.reflect.DelegatingMethodAccessorImpl.invoke(DelegatingMethodAccessorImpl.java:43)
	at com.kms.katalon.core.context.internal.TestHooker.invokeMethod(TestHooker.java:111)
	at com.kms.katalon.core.context.internal.TestHooker.lambda$3(TestHooker.java:95)
	at com.kms.katalon.core.context.internal.TestHooker.invokeContextMethods(TestHooker.java:94)
	at com.kms.katalon.core.context.internal.TestListenerCollector.lambda$3(TestListenerCollector.java:88)
	at com.kms.katalon.core.context.internal.TestListenerCollector.handleListenerEvent(TestListenerCollector.java:85)
	at com.kms.katalon.core.context.internal.ExecutionEventManager.publicEvent(ExecutionEventManager.java:36)
	at com.kms.katalon.core.main.TestCaseExecutor.execute(TestCaseExecutor.java:268)
	at com.kms.katalon.core.common.CommonExecutor.accessTestCaseMainPhase(CommonExecutor.java:65)
	at com.kms.katalon.core.main.TestSuiteExecutor.accessTestSuiteMainPhase(TestSuiteExecutor.java:148)
	at com.kms.katalon.core.main.TestSuiteExecutor.execute(TestSuiteExecutor.java:106)
	at com.kms.katalon.core.main.TestCaseMain.startTestSuite(TestCaseMain.java:187)
	at TempTestSuite1706972768649.run(TempTestSuite1706972768649.groovy:36)
	at java.base/jdk.internal.reflect.NativeMethodAccessorImpl.invoke0(Native Method)
	at java.base/jdk.internal.reflect.NativeMethodAccessorImpl.invoke(NativeMethodAccessorImpl.java:77)
	at java.base/jdk.internal.reflect.DelegatingMethodAccessorImpl.invoke(DelegatingMethodAccessorImpl.java:43)
Caused by: org.openqa.selenium.NoSuchSessionException: Session ID is null. Using WebDriver after calling quit()?
Build info: version: '3.141.59', revision: 'e82be7d358', time: '2018-11-14T08:25:53'
System info: host: 'LAPTOP-66KHDLCV', ip: '192.168.1.3', os.name: 'Windows 11', os.arch: 'amd64', os.version: '10.0', java.version: '17.0.7'
Driver info: driver.version: RemoteWebDriver
	at org.openqa.selenium.remote.HttpCommandExecutor.execute(HttpCommandExecutor.java:125)
	at org.openqa.selenium.remote.service.DriverCommandExecutor.execute(DriverCommandExecutor.java:83)
	at org.openqa.selenium.remote.RemoteWebDriver.execute(RemoteWebDriver.java:552)
	at com.kms.katalon.selenium.driver.CChromeDriver.execute(CChromeDriver.java:19)
	at org.openqa.selenium.remote.RemoteWebDriver.findElements(RemoteWebDriver.java:353)
	at org.openqa.selenium.remote.RemoteWebDriver.findElementsByXPath(RemoteWebDriver.java:432)
	at org.openqa.selenium.By$ByXPath.findElements(By.java:348)
	at org.openqa.selenium.remote.RemoteWebDriver.findElements(RemoteWebDriver.java:311)
	at com.kms.katalon.core.webui.common.WebUiCommonHelper.findElementByNormalMethods(WebUiCommonHelper.java:1025)
	at com.kms.katalon.core.webui.common.WebUiCommonHelper.findElementsBySelectedMethod(WebUiCommonHelper.java:915)
	at com.kms.katalon.core.webui.common.WebUiCommonHelper.findElementsBySelectedMethod(WebUiCommonHelper.java:897)
	at com.kms.katalon.core.webui.common.WebUiCommonHelper.findElementsBySelectedMethod(WebUiCommonHelper.java:892)
	at com.kms.katalon.core.webui.common.WebUiCommonHelper.findElementsByDefault(WebUiCommonHelper.java:888)
	at com.kms.katalon.core.webui.common.WebUiCommonHelper.findElementsWithSelfHealing(WebUiCommonHelper.java:734)
	at com.kms.katalon.core.webui.common.WebUiCommonHelper.findWebElements(WebUiCommonHelper.java:718)
	at com.kms.katalon.core.webui.common.WebUiCommonHelper.findWebElement(WebUiCommonHelper.java:1374)
	at com.kms.katalon.core.webui.keyword.internal.WebUIAbstractKeyword.findWebElement(WebUIAbstractKeyword.groovy:27)
	at com.kms.katalon.core.webui.keyword.internal.WebUIAbstractKeyword.findWebElement(WebUIAbstractKeyword.groovy:26)
	at com.kms.katalon.core.webui.keyword.builtin.SetTextKeyword$_setText_closure1.doCall(SetTextKeyword.groovy:51)
	at com.kms.katalon.core.webui.keyword.builtin.SetTextKeyword$_setText_closure1.call(SetTextKeyword.groovy)
	at com.kms.katalon.core.webui.keyword.internal.WebUIKeywordMain.runKeyword(WebUIKeywordMain.groovy:20)
	... 23 more
)

2024-02-03 20:36:54 - [MESSAGE][ERROR] - com.kms.katalon.core.exception.StepFailedException: Unable to set text 'lokeshsai674@gmail.com' of object 'Object Repository/TC_TL_Amazon_wishlist/Page_Amazon Sign-In/input_email'
	at com.kms.katalon.core.webui.keyword.internal.WebUIKeywordMain.stepFailed(WebUIKeywordMain.groovy:64)
	at com.kms.katalon.core.webui.keyword.internal.WebUIKeywordMain.runKeyword(WebUIKeywordMain.groovy:26)
	at com.kms.katalon.core.webui.keyword.builtin.SetTextKeyword.setText(SetTextKeyword.groovy:66)
	at com.kms.katalon.core.webui.keyword.builtin.SetTextKeyword.execute(SetTextKeyword.groovy:37)
	at com.kms.katalon.core.keyword.internal.KeywordExecutor.executeKeywordForPlatform(KeywordExecutor.groovy:74)
	at com.kms.katalon.core.webui.keyword.WebUiBuiltInKeywords.setText(WebUiBuiltInKeywords.groovy:980)
	at Amazon_TL_Wishlist.sampleBeforeTestCase(Amazon_TL_Wishlist.groovy:33)
	at java.base/jdk.internal.reflect.NativeMethodAccessorImpl.invoke0(Native Method)
	at java.base/jdk.internal.reflect.NativeMethodAccessorImpl.invoke(NativeMethodAccessorImpl.java:77)
	at java.base/jdk.internal.reflect.DelegatingMethodAccessorImpl.invoke(DelegatingMethodAccessorImpl.java:43)
	at com.kms.katalon.core.context.internal.TestHooker.invokeMethod(TestHooker.java:111)
	at com.kms.katalon.core.context.internal.TestHooker.lambda$3(TestHooker.java:95)
	at com.kms.katalon.core.context.internal.TestHooker.invokeContextMethods(TestHooker.java:94)
	at com.kms.katalon.core.context.internal.TestListenerCollector.lambda$3(TestListenerCollector.java:88)
	at com.kms.katalon.core.context.internal.TestListenerCollector.handleListenerEvent(TestListenerCollector.java:85)
	at com.kms.katalon.core.context.internal.ExecutionEventManager.publicEvent(ExecutionEventManager.java:36)
	at com.kms.katalon.core.main.TestCaseExecutor.execute(TestCaseExecutor.java:268)
	at com.kms.katalon.core.common.CommonExecutor.accessTestCaseMainPhase(CommonExecutor.java:65)
	at com.kms.katalon.core.main.TestSuiteExecutor.accessTestSuiteMainPhase(TestSuiteExecutor.java:148)
	at com.kms.katalon.core.main.TestSuiteExecutor.execute(TestSuiteExecutor.java:106)
	at com.kms.katalon.core.main.TestCaseMain.startTestSuite(TestCaseMain.java:187)
	at TempTestSuite1706972768649.run(TempTestSuite1706972768649.groovy:36)
	at java.base/jdk.internal.reflect.NativeMethodAccessorImpl.invoke0(Native Method)
	at java.base/jdk.internal.reflect.NativeMethodAccessorImpl.invoke(NativeMethodAccessorImpl.java:77)
	at java.base/jdk.internal.reflect.DelegatingMethodAccessorImpl.invoke(DelegatingMethodAccessorImpl.java:43)
Caused by: org.openqa.selenium.NoSuchSessionException: Session ID is null. Using WebDriver after calling quit()?
Build info: version: '3.141.59', revision: 'e82be7d358', time: '2018-11-14T08:25:53'
System info: host: 'LAPTOP-66KHDLCV', ip: '192.168.1.3', os.name: 'Windows 11', os.arch: 'amd64', os.version: '10.0', java.version: '17.0.7'
Driver info: driver.version: RemoteWebDriver
	at org.openqa.selenium.remote.HttpCommandExecutor.execute(HttpCommandExecutor.java:125)
	at org.openqa.selenium.remote.service.DriverCommandExecutor.execute(DriverCommandExecutor.java:83)
	at org.openqa.selenium.remote.RemoteWebDriver.execute(RemoteWebDriver.java:552)
	at com.kms.katalon.selenium.driver.CChromeDriver.execute(CChromeDriver.java:19)
	at org.openqa.selenium.remote.RemoteWebDriver.findElements(RemoteWebDriver.java:353)
	at org.openqa.selenium.remote.RemoteWebDriver.findElementsByXPath(RemoteWebDriver.java:432)
	at org.openqa.selenium.By$ByXPath.findElements(By.java:348)
	at org.openqa.selenium.remote.RemoteWebDriver.findElements(RemoteWebDriver.java:311)
	at com.kms.katalon.core.webui.common.WebUiCommonHelper.findElementByNormalMethods(WebUiCommonHelper.java:1025)
	at com.kms.katalon.core.webui.common.WebUiCommonHelper.findElementsBySelectedMethod(WebUiCommonHelper.java:915)
	at com.kms.katalon.core.webui.common.WebUiCommonHelper.findElementsBySelectedMethod(WebUiCommonHelper.java:897)
	at com.kms.katalon.core.webui.common.WebUiCommonHelper.findElementsBySelectedMethod(WebUiCommonHelper.java:892)
	at com.kms.katalon.core.webui.common.WebUiCommonHelper.findElementsByDefault(WebUiCommonHelper.java:888)
	at com.kms.katalon.core.webui.common.WebUiCommonHelper.findElementsWithSelfHealing(WebUiCommonHelper.java:734)
	at com.kms.katalon.core.webui.common.WebUiCommonHelper.findWebElements(WebUiCommonHelper.java:718)
	at com.kms.katalon.core.webui.common.WebUiCommonHelper.findWebElement(WebUiCommonHelper.java:1374)
	at com.kms.katalon.core.webui.keyword.internal.WebUIAbstractKeyword.findWebElement(WebUIAbstractKeyword.groovy:27)
	at com.kms.katalon.core.webui.keyword.internal.WebUIAbstractKeyword.findWebElement(WebUIAbstractKeyword.groovy:26)
	at com.kms.katalon.core.webui.keyword.builtin.SetTextKeyword$_setText_closure1.doCall(SetTextKeyword.groovy:51)
	at com.kms.katalon.core.webui.keyword.builtin.SetTextKeyword$_setText_closure1.call(SetTextKeyword.groovy)
	at com.kms.katalon.core.webui.keyword.internal.WebUIKeywordMain.runKeyword(WebUIKeywordMain.groovy:20)
	... 23 more


2024-02-03 20:36:54 - [TEST_STEP][PASSED] - openBrowser(""): Browser is opened with url: ''

2024-02-03 20:36:54 - [MESSAGE][INFO] - Starting 'Chrome' driver

2024-02-03 20:36:54 - [MESSAGE][INFO] - Action delay is set to 0 milliseconds

2024-02-03 20:36:55 - [MESSAGE][PASSED] - Browser is opened with url: ''

2024-02-03 20:36:55 - [TEST_STEP][PASSED] - navigateToUrl("https://www.amazon.com/"): Navigate to 'https://www.amazon.com/' successfully

2024-02-03 20:36:57 - [MESSAGE][PASSED] - Navigate to 'https://www.amazon.com/' successfully

2024-02-03 20:36:57 - [TEST_STEP][PASSED] - setText(findTestObject("Object Repository/TC_Amazon_Home_002_OR/Page_Amazon.com/input_field-keywords"), "CMNPTF"): Text 'CMNPTF' is set on object 'Object Repository/TC_Amazon_Home_002_OR/Page_Amazon.com/input_field-keywords'

2024-02-03 20:36:57 - [MESSAGE][PASSED] - Text 'CMNPTF' is set on object 'Object Repository/TC_Amazon_Home_002_OR/Page_Amazon.com/input_field-keywords'

2024-02-03 20:36:57 - [TEST_STEP][PASSED] - click(findTestObject("Object Repository/TC_Amazon_Home_002_OR/Page_Amazon.com/button_Continue shopping")): Object: 'Object Repository/TC_Amazon_Home_002_OR/Page_Amazon.com/button_Continue shopping' is clicked on

2024-02-03 20:36:58 - [MESSAGE][PASSED] - Object: 'Object Repository/TC_Amazon_Home_002_OR/Page_Amazon.com/button_Continue shopping' is clicked on

2024-02-03 20:36:58 - [TEST_STEP][PASSED] - click(findTestObject("Object Repository/TC_Amazon_Home_002_OR/Page_Amazon.com. Spend less. Smile more/span_Hello, sign in")): Object: 'Object Repository/TC_Amazon_Home_002_OR/Page_Amazon.com. Spend less. Smile more/span_Hello, sign in' is clicked on

2024-02-03 20:37:08 - [MESSAGE][PASSED] - Object: 'Object Repository/TC_Amazon_Home_002_OR/Page_Amazon.com. Spend less. Smile more/span_Hello, sign in' is clicked on

2024-02-03 20:37:08 - [TEST_STEP][PASSED] - setText(findTestObject("Object Repository/TC_Amazon_Home_002_OR/Page_Amazon Sign-In/input_email"), "lokeshsai674@gmail.com"): Text 'lokeshsai674@gmail.com' is set on object 'Object Repository/TC_Amazon_Home_002_OR/Page_Amazon Sign-In/input_email'

2024-02-03 20:37:10 - [MESSAGE][PASSED] - Text 'lokeshsai674@gmail.com' is set on object 'Object Repository/TC_Amazon_Home_002_OR/Page_Amazon Sign-In/input_email'

2024-02-03 20:37:10 - [TEST_STEP][PASSED] - click(findTestObject("Object Repository/TC_Amazon_Home_002_OR/Page_Amazon Sign-In/inputcontinue")): Object: 'Object Repository/TC_Amazon_Home_002_OR/Page_Amazon Sign-In/inputcontinue' is clicked on

2024-02-03 20:37:12 - [MESSAGE][PASSED] - Object: 'Object Repository/TC_Amazon_Home_002_OR/Page_Amazon Sign-In/inputcontinue' is clicked on

2024-02-03 20:37:12 - [TEST_STEP][PASSED] - setEncryptedText(findTestObject("Object Repository/TC_Amazon_Home_002_OR/Page_Amazon Sign-In/input_password"), "Kil7TJn2SLijfPVlUCkevA=="): Text ****** has been set on object 'Object Repository/TC_Amazon_Home_002_OR/Page_Amazon Sign-In/input_password'

2024-02-03 20:37:13 - [MESSAGE][PASSED] - Text ****** has been set on object 'Object Repository/TC_Amazon_Home_002_OR/Page_Amazon Sign-In/input_password'

2024-02-03 20:37:13 - [TEST_STEP][PASSED] - click(findTestObject("Object Repository/TC_Amazon_Home_002_OR/Page_Amazon Sign-In/inputsignInSubmit")): Object: 'Object Repository/TC_Amazon_Home_002_OR/Page_Amazon Sign-In/inputsignInSubmit' is clicked on

2024-02-03 20:37:14 - [MESSAGE][PASSED] - Object: 'Object Repository/TC_Amazon_Home_002_OR/Page_Amazon Sign-In/inputsignInSubmit' is clicked on

2024-02-03 20:37:14 - [TEST_STEP][PASSED] - Start listener action : sampleAfterTestCase: Object: 'Object Repository/TC_TL_Amazon_wishlist/Page_Amazon.com/a_Sign Out' is clicked on

2024-02-03 20:37:14 - [TEST_STEP][PASSED] - click(findTestObject("Object Repository/TC_TL_Amazon_wishlist/Page_Amazon.com/a_All")): Object: 'Object Repository/TC_TL_Amazon_wishlist/Page_Amazon.com/a_All' is clicked on

2024-02-03 20:37:18 - [MESSAGE][PASSED] - Object: 'Object Repository/TC_TL_Amazon_wishlist/Page_Amazon.com/a_All' is clicked on

2024-02-03 20:37:18 - [TEST_STEP][PASSED] - click(findTestObject("Object Repository/TC_TL_Amazon_wishlist/Page_Amazon.com/a_Sign Out")): Object: 'Object Repository/TC_TL_Amazon_wishlist/Page_Amazon.com/a_Sign Out' is clicked on

2024-02-03 20:37:21 - [MESSAGE][PASSED] - Object: 'Object Repository/TC_TL_Amazon_wishlist/Page_Amazon.com/a_Sign Out' is clicked on]]></system-out>
         <system-err><![CDATA[]]></system-err>
      </testcase>
      <testcase name="Test Cases/TC_Amazon_Home_003" time="34.207" classname="Test Cases/TC_Amazon_Home_003" status="PASSED">
         <system-out><![CDATA[2024-02-03 20:37:21 - [TEST_CASE][PASSED] - Test Cases/TC_Amazon_Home_003: Test Cases/TC_Amazon_Home_003

2024-02-03 20:37:21 - [TEST_STEP][PASSED] - Start listener action : sampleBeforeTestCase: Object: 'Object Repository/TC_TL_Amazon_wishlist/Page_Amazon Sign-In/inputsignInSubmit' is clicked on

2024-02-03 20:37:21 - [TEST_STEP][PASSED] - setText(findTestObject("Object Repository/TC_TL_Amazon_wishlist/Page_Amazon Sign-In/input_email"), "lokeshsai674@gmail.com"): Text 'lokeshsai674@gmail.com' is set on object 'Object Repository/TC_TL_Amazon_wishlist/Page_Amazon Sign-In/input_email'

2024-02-03 20:37:23 - [MESSAGE][PASSED] - Text 'lokeshsai674@gmail.com' is set on object 'Object Repository/TC_TL_Amazon_wishlist/Page_Amazon Sign-In/input_email'

2024-02-03 20:37:23 - [TEST_STEP][PASSED] - click(findTestObject("Object Repository/TC_TL_Amazon_wishlist/Page_Amazon Sign-In/inputcontinue")): Object: 'Object Repository/TC_TL_Amazon_wishlist/Page_Amazon Sign-In/inputcontinue' is clicked on

2024-02-03 20:37:25 - [MESSAGE][PASSED] - Object: 'Object Repository/TC_TL_Amazon_wishlist/Page_Amazon Sign-In/inputcontinue' is clicked on

2024-02-03 20:37:25 - [TEST_STEP][PASSED] - setEncryptedText(findTestObject("Object Repository/TC_TL_Amazon_wishlist/Page_Amazon Sign-In/input_password"), "Kil7TJn2SLijfPVlUCkevA=="): Text ****** has been set on object 'Object Repository/TC_TL_Amazon_wishlist/Page_Amazon Sign-In/input_password'

2024-02-03 20:37:26 - [MESSAGE][PASSED] - Text ****** has been set on object 'Object Repository/TC_TL_Amazon_wishlist/Page_Amazon Sign-In/input_password'

2024-02-03 20:37:26 - [TEST_STEP][PASSED] - click(findTestObject("Object Repository/TC_TL_Amazon_wishlist/Page_Amazon Sign-In/inputsignInSubmit")): Object: 'Object Repository/TC_TL_Amazon_wishlist/Page_Amazon Sign-In/inputsignInSubmit' is clicked on

2024-02-03 20:37:27 - [MESSAGE][PASSED] - Object: 'Object Repository/TC_TL_Amazon_wishlist/Page_Amazon Sign-In/inputsignInSubmit' is clicked on

2024-02-03 20:37:27 - [TEST_STEP][PASSED] - navigateToUrl("https://www.amazon.com/?ref_=nav_ya_signin"): Navigate to 'https://www.amazon.com/?ref_=nav_ya_signin' successfully

2024-02-03 20:37:32 - [MESSAGE][PASSED] - Navigate to 'https://www.amazon.com/?ref_=nav_ya_signin' successfully

2024-02-03 20:37:32 - [TEST_STEP][PASSED] - setText(findTestObject("Object Repository/TC_Amazon_Home_003_OR/Page_Amazon.com. Spend less. Smile more/input_field-keywords"), "sony al"): Text 'sony al' is set on object 'Object Repository/TC_Amazon_Home_003_OR/Page_Amazon.com. Spend less. Smile more/input_field-keywords'

2024-02-03 20:37:34 - [MESSAGE][PASSED] - Text 'sony al' is set on object 'Object Repository/TC_Amazon_Home_003_OR/Page_Amazon.com. Spend less. Smile more/input_field-keywords'

2024-02-03 20:37:34 - [TEST_STEP][PASSED] - click(findTestObject("Object Repository/TC_Amazon_Home_003_OR/Page_Amazon.com. Spend less. Smile more/span_pha a7 iii")): Object: 'Object Repository/TC_Amazon_Home_003_OR/Page_Amazon.com. Spend less. Smile more/span_pha a7 iii' is clicked on

2024-02-03 20:37:40 - [MESSAGE][PASSED] - Object: 'Object Repository/TC_Amazon_Home_003_OR/Page_Amazon.com. Spend less. Smile more/span_pha a7 iii' is clicked on

2024-02-03 20:37:40 - [TEST_STEP][PASSED] - click(findTestObject("Object Repository/TC_Amazon_Home_003_OR/Page_Amazon.com  sony alpha a7 iii/span_a7 III (ILCEM3KB) Full-frame Mirrorles_d5ddf0")): Object: 'Object Repository/TC_Amazon_Home_003_OR/Page_Amazon.com  sony alpha a7 iii/span_a7 III (ILCEM3KB) Full-frame Mirrorles_d5ddf0' is clicked on

2024-02-03 20:37:45 - [MESSAGE][PASSED] - Object: 'Object Repository/TC_Amazon_Home_003_OR/Page_Amazon.com  sony alpha a7 iii/span_a7 III (ILCEM3KB) Full-frame Mirrorles_d5ddf0' is clicked on

2024-02-03 20:37:45 - [TEST_STEP][PASSED] - click(findTestObject("Object Repository/TC_Amazon_Home_003_OR/Page_Amazon.com  Sony a7 III (ILCEM3KB) Ful_4e29c8/input_submit.add-to-registry.wishlist")): Object: 'Object Repository/TC_Amazon_Home_003_OR/Page_Amazon.com  Sony a7 III (ILCEM3KB) Ful_4e29c8/input_submit.add-to-registry.wishlist' is clicked on

2024-02-03 20:37:48 - [MESSAGE][PASSED] - Object: 'Object Repository/TC_Amazon_Home_003_OR/Page_Amazon.com  Sony a7 III (ILCEM3KB) Ful_4e29c8/input_submit.add-to-registry.wishlist' is clicked on

2024-02-03 20:37:48 - [TEST_STEP][PASSED] - click(findTestObject("Object Repository/TC_Amazon_Home_003_OR/Page_Amazon.com  Sony a7 III (ILCEM3KB) Ful_4e29c8/a_View Your List")): Object: 'Object Repository/TC_Amazon_Home_003_OR/Page_Amazon.com  Sony a7 III (ILCEM3KB) Ful_4e29c8/a_View Your List' is clicked on

2024-02-03 20:37:51 - [MESSAGE][PASSED] - Object: 'Object Repository/TC_Amazon_Home_003_OR/Page_Amazon.com  Sony a7 III (ILCEM3KB) Ful_4e29c8/a_View Your List' is clicked on

2024-02-03 20:37:51 - [TEST_STEP][PASSED] - Start listener action : sampleAfterTestCase: Object: 'Object Repository/TC_TL_Amazon_wishlist/Page_Amazon.com/a_Sign Out' is clicked on

2024-02-03 20:37:51 - [TEST_STEP][PASSED] - click(findTestObject("Object Repository/TC_TL_Amazon_wishlist/Page_Amazon.com/a_All")): Object: 'Object Repository/TC_TL_Amazon_wishlist/Page_Amazon.com/a_All' is clicked on

2024-02-03 20:37:52 - [MESSAGE][PASSED] - Object: 'Object Repository/TC_TL_Amazon_wishlist/Page_Amazon.com/a_All' is clicked on

2024-02-03 20:37:52 - [TEST_STEP][PASSED] - click(findTestObject("Object Repository/TC_TL_Amazon_wishlist/Page_Amazon.com/a_Sign Out")): Object: 'Object Repository/TC_TL_Amazon_wishlist/Page_Amazon.com/a_Sign Out' is clicked on

2024-02-03 20:37:55 - [MESSAGE][PASSED] - Object: 'Object Repository/TC_TL_Amazon_wishlist/Page_Amazon.com/a_Sign Out' is clicked on]]></system-out>
         <system-err><![CDATA[]]></system-err>
      </testcase>
      <testcase name="Test Cases/TC_Amazon_Home_004" time="59.266" classname="Test Cases/TC_Amazon_Home_004" status="PASSED">
         <system-out><![CDATA[2024-02-03 20:37:55 - [TEST_CASE][PASSED] - Test Cases/TC_Amazon_Home_004: Test Cases/TC_Amazon_Home_004

2024-02-03 20:37:55 - [TEST_STEP][PASSED] - Start listener action : sampleBeforeTestCase: Object: 'Object Repository/TC_TL_Amazon_wishlist/Page_Amazon Sign-In/inputsignInSubmit' is clicked on

2024-02-03 20:37:55 - [TEST_STEP][PASSED] - setText(findTestObject("Object Repository/TC_TL_Amazon_wishlist/Page_Amazon Sign-In/input_email"), "lokeshsai674@gmail.com"): Text 'lokeshsai674@gmail.com' is set on object 'Object Repository/TC_TL_Amazon_wishlist/Page_Amazon Sign-In/input_email'

2024-02-03 20:37:57 - [MESSAGE][PASSED] - Text 'lokeshsai674@gmail.com' is set on object 'Object Repository/TC_TL_Amazon_wishlist/Page_Amazon Sign-In/input_email'

2024-02-03 20:37:57 - [TEST_STEP][PASSED] - click(findTestObject("Object Repository/TC_TL_Amazon_wishlist/Page_Amazon Sign-In/inputcontinue")): Object: 'Object Repository/TC_TL_Amazon_wishlist/Page_Amazon Sign-In/inputcontinue' is clicked on

2024-02-03 20:37:59 - [MESSAGE][PASSED] - Object: 'Object Repository/TC_TL_Amazon_wishlist/Page_Amazon Sign-In/inputcontinue' is clicked on

2024-02-03 20:37:59 - [TEST_STEP][PASSED] - setEncryptedText(findTestObject("Object Repository/TC_TL_Amazon_wishlist/Page_Amazon Sign-In/input_password"), "Kil7TJn2SLijfPVlUCkevA=="): Text ****** has been set on object 'Object Repository/TC_TL_Amazon_wishlist/Page_Amazon Sign-In/input_password'

2024-02-03 20:38:00 - [MESSAGE][PASSED] - Text ****** has been set on object 'Object Repository/TC_TL_Amazon_wishlist/Page_Amazon Sign-In/input_password'

2024-02-03 20:38:00 - [TEST_STEP][PASSED] - click(findTestObject("Object Repository/TC_TL_Amazon_wishlist/Page_Amazon Sign-In/inputsignInSubmit")): Object: 'Object Repository/TC_TL_Amazon_wishlist/Page_Amazon Sign-In/inputsignInSubmit' is clicked on

2024-02-03 20:38:01 - [MESSAGE][PASSED] - Object: 'Object Repository/TC_TL_Amazon_wishlist/Page_Amazon Sign-In/inputsignInSubmit' is clicked on

2024-02-03 20:38:01 - [TEST_STEP][PASSED] - navigateToUrl("https://www.amazon.com/?ref_=nav_ya_signin"): Navigate to 'https://www.amazon.com/?ref_=nav_ya_signin' successfully

2024-02-03 20:38:04 - [MESSAGE][PASSED] - Navigate to 'https://www.amazon.com/?ref_=nav_ya_signin' successfully

2024-02-03 20:38:04 - [TEST_STEP][PASSED] - setText(findTestObject("Object Repository/TC_Amazon_Home_004_OR/Page_Amazon.com. Spend less. Smile more/input_field-keywords"), "Sony alpha"): Text 'Sony alpha' is set on object 'Object Repository/TC_Amazon_Home_004_OR/Page_Amazon.com. Spend less. Smile more/input_field-keywords'

2024-02-03 20:38:06 - [MESSAGE][PASSED] - Text 'Sony alpha' is set on object 'Object Repository/TC_Amazon_Home_004_OR/Page_Amazon.com. Spend less. Smile more/input_field-keywords'

2024-02-03 20:38:06 - [TEST_STEP][PASSED] - click(findTestObject("Object Repository/TC_Amazon_Home_004_OR/Page_Amazon.com. Spend less. Smile more/div_sony alpha 7 iii")): Object: 'Object Repository/TC_Amazon_Home_004_OR/Page_Amazon.com. Spend less. Smile more/div_sony alpha 7 iii' is clicked on

2024-02-03 20:38:10 - [MESSAGE][PASSED] - Object: 'Object Repository/TC_Amazon_Home_004_OR/Page_Amazon.com. Spend less. Smile more/div_sony alpha 7 iii' is clicked on

2024-02-03 20:38:10 - [TEST_STEP][PASSED] - click(findTestObject("Object Repository/TC_Amazon_Home_004_OR/Page_Amazon.com  sony alpha 7 iii/button_Add to Cart")): Object: 'Object Repository/TC_Amazon_Home_004_OR/Page_Amazon.com  sony alpha 7 iii/button_Add to Cart' is clicked on

2024-02-03 20:38:41 - [MESSAGE][INFO] - Unable to find the element located by 'By.xpath: //button[@id='a-autoid-3-announce']'. Please recheck the objects properties to make sure the desired element is located. 

2024-02-03 20:38:41 - [MESSAGE][WARNING] - [SELF-HEALING] Failed to find element with id 'Object Repository/TC_Amazon_Home_004_OR/Page_Amazon.com  sony alpha 7 iii/button_Add to Cart'. Try using Self-healing.

2024-02-03 20:38:42 - [MESSAGE][WARNING] - [SELF-HEALING] The current locator of test object 'Object Repository/TC_Amazon_Home_004_OR/Page_Amazon.com  sony alpha 7 iii/button_Add to Cart' was broken. Propose an alternative one: '//div[2]/div/div/div[3]/span/div/div/form/span/div/div/span/span/button'.

2024-02-03 20:38:42 - [MESSAGE][PASSED] - Object: 'Object Repository/TC_Amazon_Home_004_OR/Page_Amazon.com  sony alpha 7 iii/button_Add to Cart' is clicked on

2024-02-03 20:38:42 - [TEST_STEP][PASSED] - click(findTestObject("Object Repository/TC_Amazon_Home_004_OR/Page_Amazon.com  sony alpha 7 iii/a_1                                        _aa7e84")): Object: 'Object Repository/TC_Amazon_Home_004_OR/Page_Amazon.com  sony alpha 7 iii/a_1                                        _aa7e84' is clicked on

2024-02-03 20:38:47 - [MESSAGE][PASSED] - Object: 'Object Repository/TC_Amazon_Home_004_OR/Page_Amazon.com  sony alpha 7 iii/a_1                                        _aa7e84' is clicked on

2024-02-03 20:38:47 - [TEST_STEP][PASSED] - rightClick(findTestObject("Object Repository/TC_Amazon_Home_004_OR/Page_Amazon.com Shopping Cart/div_Sony Alpha a7 III 24.2MP Full Frame Mir_fd4d59")): Object: 'Object Repository/TC_Amazon_Home_004_OR/Page_Amazon.com Shopping Cart/div_Sony Alpha a7 III 24.2MP Full Frame Mir_fd4d59' is right clicked on

2024-02-03 20:38:49 - [MESSAGE][PASSED] - Object: 'Object Repository/TC_Amazon_Home_004_OR/Page_Amazon.com Shopping Cart/div_Sony Alpha a7 III 24.2MP Full Frame Mir_fd4d59' is right clicked on

2024-02-03 20:38:49 - [TEST_STEP][PASSED] - rightClick(findTestObject("Object Repository/TC_Amazon_Home_004_OR/Page_Amazon.com Shopping Cart/ul_Sony Alpha a7 III 24.2MP Full Frame Mirr_97b5a6")): Object: 'Object Repository/TC_Amazon_Home_004_OR/Page_Amazon.com Shopping Cart/ul_Sony Alpha a7 III 24.2MP Full Frame Mirr_97b5a6' is right clicked on

2024-02-03 20:38:49 - [MESSAGE][PASSED] - Object: 'Object Repository/TC_Amazon_Home_004_OR/Page_Amazon.com Shopping Cart/ul_Sony Alpha a7 III 24.2MP Full Frame Mirr_97b5a6' is right clicked on

2024-02-03 20:38:49 - [TEST_STEP][PASSED] - click(findTestObject("Object Repository/TC_Amazon_Home_004_OR/Page_Amazon.com Shopping Cart/h2_Your Items")): Object: 'Object Repository/TC_Amazon_Home_004_OR/Page_Amazon.com Shopping Cart/h2_Your Items' is clicked on

2024-02-03 20:38:50 - [MESSAGE][PASSED] - Object: 'Object Repository/TC_Amazon_Home_004_OR/Page_Amazon.com Shopping Cart/h2_Your Items' is clicked on

2024-02-03 20:38:50 - [TEST_STEP][PASSED] - rightClick(findTestObject("Object Repository/TC_Amazon_Home_004_OR/Page_Amazon.com Shopping Cart/div_Sony Alpha a7 III 24.2MP Full Frame Mir_94049c")): Object: 'Object Repository/TC_Amazon_Home_004_OR/Page_Amazon.com Shopping Cart/div_Sony Alpha a7 III 24.2MP Full Frame Mir_94049c' is right clicked on

2024-02-03 20:38:51 - [MESSAGE][PASSED] - Object: 'Object Repository/TC_Amazon_Home_004_OR/Page_Amazon.com Shopping Cart/div_Sony Alpha a7 III 24.2MP Full Frame Mir_94049c' is right clicked on

2024-02-03 20:38:51 - [TEST_STEP][PASSED] - Start listener action : sampleAfterTestCase: Object: 'Object Repository/TC_TL_Amazon_wishlist/Page_Amazon.com/a_Sign Out' is clicked on

2024-02-03 20:38:51 - [TEST_STEP][PASSED] - click(findTestObject("Object Repository/TC_TL_Amazon_wishlist/Page_Amazon.com/a_All")): Object: 'Object Repository/TC_TL_Amazon_wishlist/Page_Amazon.com/a_All' is clicked on

2024-02-03 20:38:51 - [MESSAGE][PASSED] - Object: 'Object Repository/TC_TL_Amazon_wishlist/Page_Amazon.com/a_All' is clicked on

2024-02-03 20:38:51 - [TEST_STEP][PASSED] - click(findTestObject("Object Repository/TC_TL_Amazon_wishlist/Page_Amazon.com/a_Sign Out")): Object: 'Object Repository/TC_TL_Amazon_wishlist/Page_Amazon.com/a_Sign Out' is clicked on

2024-02-03 20:38:55 - [MESSAGE][PASSED] - Object: 'Object Repository/TC_TL_Amazon_wishlist/Page_Amazon.com/a_Sign Out' is clicked on]]></system-out>
         <system-err><![CDATA[]]></system-err>
      </testcase>
      <testcase name="Test Cases/TC_Amazon_Home_005" time="34.285" classname="Test Cases/TC_Amazon_Home_005" status="PASSED">
         <system-out><![CDATA[2024-02-03 20:38:55 - [TEST_CASE][PASSED] - Test Cases/TC_Amazon_Home_005: Test Cases/TC_Amazon_Home_005

2024-02-03 20:38:55 - [TEST_STEP][PASSED] - Start listener action : sampleBeforeTestCase: Object: 'Object Repository/TC_TL_Amazon_wishlist/Page_Amazon Sign-In/inputsignInSubmit' is clicked on

2024-02-03 20:38:55 - [TEST_STEP][PASSED] - setText(findTestObject("Object Repository/TC_TL_Amazon_wishlist/Page_Amazon Sign-In/input_email"), "lokeshsai674@gmail.com"): Text 'lokeshsai674@gmail.com' is set on object 'Object Repository/TC_TL_Amazon_wishlist/Page_Amazon Sign-In/input_email'

2024-02-03 20:38:56 - [MESSAGE][PASSED] - Text 'lokeshsai674@gmail.com' is set on object 'Object Repository/TC_TL_Amazon_wishlist/Page_Amazon Sign-In/input_email'

2024-02-03 20:38:56 - [TEST_STEP][PASSED] - click(findTestObject("Object Repository/TC_TL_Amazon_wishlist/Page_Amazon Sign-In/inputcontinue")): Object: 'Object Repository/TC_TL_Amazon_wishlist/Page_Amazon Sign-In/inputcontinue' is clicked on

2024-02-03 20:38:58 - [MESSAGE][PASSED] - Object: 'Object Repository/TC_TL_Amazon_wishlist/Page_Amazon Sign-In/inputcontinue' is clicked on

2024-02-03 20:38:58 - [TEST_STEP][PASSED] - setEncryptedText(findTestObject("Object Repository/TC_TL_Amazon_wishlist/Page_Amazon Sign-In/input_password"), "Kil7TJn2SLijfPVlUCkevA=="): Text ****** has been set on object 'Object Repository/TC_TL_Amazon_wishlist/Page_Amazon Sign-In/input_password'

2024-02-03 20:39:00 - [MESSAGE][PASSED] - Text ****** has been set on object 'Object Repository/TC_TL_Amazon_wishlist/Page_Amazon Sign-In/input_password'

2024-02-03 20:39:00 - [TEST_STEP][PASSED] - click(findTestObject("Object Repository/TC_TL_Amazon_wishlist/Page_Amazon Sign-In/inputsignInSubmit")): Object: 'Object Repository/TC_TL_Amazon_wishlist/Page_Amazon Sign-In/inputsignInSubmit' is clicked on

2024-02-03 20:39:00 - [MESSAGE][PASSED] - Object: 'Object Repository/TC_TL_Amazon_wishlist/Page_Amazon Sign-In/inputsignInSubmit' is clicked on

2024-02-03 20:39:00 - [TEST_STEP][PASSED] - navigateToUrl("https://www.amazon.com/?ref_=nav_ya_signin"): Navigate to 'https://www.amazon.com/?ref_=nav_ya_signin' successfully

2024-02-03 20:39:05 - [MESSAGE][PASSED] - Navigate to 'https://www.amazon.com/?ref_=nav_ya_signin' successfully

2024-02-03 20:39:05 - [TEST_STEP][PASSED] - setText(findTestObject("Object Repository/TC_Amazon_Home_005_OR/Page_Amazon.com. Spend less. Smile more/input_field-keywords"), "Gimbal"): Text 'Gimbal' is set on object 'Object Repository/TC_Amazon_Home_005_OR/Page_Amazon.com. Spend less. Smile more/input_field-keywords'

2024-02-03 20:39:06 - [MESSAGE][PASSED] - Text 'Gimbal' is set on object 'Object Repository/TC_Amazon_Home_005_OR/Page_Amazon.com. Spend less. Smile more/input_field-keywords'

2024-02-03 20:39:06 - [TEST_STEP][PASSED] - click(findTestObject("Object Repository/TC_Amazon_Home_005_OR/Page_Amazon.com. Spend less. Smile more/span_stabilizer for camera")): Object: 'Object Repository/TC_Amazon_Home_005_OR/Page_Amazon.com. Spend less. Smile more/span_stabilizer for camera' is clicked on

2024-02-03 20:39:11 - [MESSAGE][PASSED] - Object: 'Object Repository/TC_Amazon_Home_005_OR/Page_Amazon.com. Spend less. Smile more/span_stabilizer for camera' is clicked on

2024-02-03 20:39:11 - [TEST_STEP][PASSED] - click(findTestObject("Object Repository/TC_Amazon_Home_005_OR/Page_Amazon.com  gimbal stabilizer for camera/span_RS 3, 3-Axis Gimbal for DSLR and Mirro_ad700c")): Object: 'Object Repository/TC_Amazon_Home_005_OR/Page_Amazon.com  gimbal stabilizer for camera/span_RS 3, 3-Axis Gimbal for DSLR and Mirro_ad700c' is clicked on

2024-02-03 20:39:21 - [MESSAGE][PASSED] - Object: 'Object Repository/TC_Amazon_Home_005_OR/Page_Amazon.com  gimbal stabilizer for camera/span_RS 3, 3-Axis Gimbal for DSLR and Mirro_ad700c' is clicked on

2024-02-03 20:39:21 - [TEST_STEP][PASSED] - click(findTestObject("Object Repository/TC_Amazon_Home_005_OR/Page_Amazon.com  DJI RS 3, 3-Axis Gimbal fo_e25f7a/span_929 ratings")): Object: 'Object Repository/TC_Amazon_Home_005_OR/Page_Amazon.com  DJI RS 3, 3-Axis Gimbal fo_e25f7a/span_929 ratings' is clicked on

2024-02-03 20:39:22 - [MESSAGE][PASSED] - Object: 'Object Repository/TC_Amazon_Home_005_OR/Page_Amazon.com  DJI RS 3, 3-Axis Gimbal fo_e25f7a/span_929 ratings' is clicked on

2024-02-03 20:39:22 - [TEST_STEP][PASSED] - verifyElementText(findTestObject("Object Repository/TC_Amazon_Home_005_OR/Page_Amazon.com  DJI RS 3, 3-Axis Gimbal fo_e25f7a/h3_Top reviews from the United States"), "Top reviews from the United States"): Actual text and expected text of test object 'Object Repository/TC_Amazon_Home_005_OR/Page_Amazon.com  DJI RS 3, 3-Axis Gimbal fo_e25f7a/h3_Top reviews from the United States' are matched.

2024-02-03 20:39:24 - [MESSAGE][PASSED] - Actual text and expected text of test object 'Object Repository/TC_Amazon_Home_005_OR/Page_Amazon.com  DJI RS 3, 3-Axis Gimbal fo_e25f7a/h3_Top reviews from the United States' are matched.

2024-02-03 20:39:24 - [TEST_STEP][PASSED] - Start listener action : sampleAfterTestCase: Object: 'Object Repository/TC_TL_Amazon_wishlist/Page_Amazon.com/a_Sign Out' is clicked on

2024-02-03 20:39:24 - [TEST_STEP][PASSED] - click(findTestObject("Object Repository/TC_TL_Amazon_wishlist/Page_Amazon.com/a_All")): Object: 'Object Repository/TC_TL_Amazon_wishlist/Page_Amazon.com/a_All' is clicked on

2024-02-03 20:39:25 - [MESSAGE][PASSED] - Object: 'Object Repository/TC_TL_Amazon_wishlist/Page_Amazon.com/a_All' is clicked on

2024-02-03 20:39:25 - [TEST_STEP][PASSED] - click(findTestObject("Object Repository/TC_TL_Amazon_wishlist/Page_Amazon.com/a_Sign Out")): Object: 'Object Repository/TC_TL_Amazon_wishlist/Page_Amazon.com/a_Sign Out' is clicked on

2024-02-03 20:39:29 - [MESSAGE][PASSED] - Object: 'Object Repository/TC_TL_Amazon_wishlist/Page_Amazon.com/a_Sign Out' is clicked on]]></system-out>
         <system-err><![CDATA[]]></system-err>
      </testcase>
      <system-out><![CDATA[2024-02-03 20:36:14 - [TEST_SUITE][PASSED] - Amazon_Test_Suite: Test Cases/TC_Amazon_Home_005]]></system-out>
      <system-err><![CDATA[]]></system-err>
   </testsuite>
</testsuites>
